Thu Jun 18 18:03:50 2020	# Start species list...
Thu Jun 18 18:14:43 2020		> Species list - finished
Thu Jun 18 18:14:43 2020	# Start variant classes ...
Thu Jun 18 18:14:45 2020		> Variant classes - finished
Thu Jun 18 18:14:45 2020	# Start populations ...

------------------------------------------------------------
Sender: LSF System <lsf@hx-noah-72-10>
Subject: Job 9640935: <webdoc> in cluster <EBI> Exited

Job <webdoc> was submitted from host <hx-noah-13-03> by user <aparton> in cluster <EBI> at Thu Jun 18 18:03:48 2020
Job was executed on host(s) <hx-noah-72-10>, in queue <production-rh74>, as user <aparton> in cluster <EBI> at Thu Jun 18 18:03:49 2020
</homes/aparton> was used as the home directory.
</homes/aparton/git/ensembl-variation/scripts/misc> was used as the working directory.
Started at Thu Jun 18 18:03:49 2020
Terminated at Thu Jun 18 18:14:45 2020
Results reported at Thu Jun 18 18:14:45 2020

Your job looked like:

------------------------------------------------------------
# LSBATCH: User input
------------------------------------------------------------

Exited with exit code 1.

Resource usage summary:

    CPU time :                                   1.19 sec.
    Max Memory :                                 28 MB
    Average Memory :                             28.00 MB
    Total Requested Memory :                     -
    Delta Memory :                               -
    Max Swap :                                   246 MB
    Max Processes :                              4
    Max Threads :                                5
    Run time :                                   656 sec.
    Turnaround time :                            657 sec.

The output (if any) is above this job summary.



PS:

Read file <report_webdoc_100.err> for stderr output of this job.

Thu Jun 18 18:28:19 2020	# Start species list...
Thu Jun 18 18:38:51 2020		> Species list - finished
Thu Jun 18 18:38:51 2020	# Start variant classes ...
Thu Jun 18 20:14:48 2020		> Variant classes - finished
Thu Jun 18 20:14:48 2020	# Start populations ...

------------------------------------------------------------
Sender: LSF System <lsf@hx-noah-09-11>
Subject: Job 9665739: <webdoc> in cluster <EBI> Exited

Job <webdoc> was submitted from host <hx-noah-13-03> by user <aparton> in cluster <EBI> at Thu Jun 18 18:28:18 2020
Job was executed on host(s) <hx-noah-09-11>, in queue <production-rh74>, as user <aparton> in cluster <EBI> at Thu Jun 18 18:28:19 2020
</homes/aparton> was used as the home directory.
</homes/aparton/git/ensembl-variation/scripts/misc> was used as the working directory.
Started at Thu Jun 18 18:28:19 2020
Terminated at Thu Jun 18 20:14:48 2020
Results reported at Thu Jun 18 20:14:48 2020

Your job looked like:

------------------------------------------------------------
# LSBATCH: User input
------------------------------------------------------------

Exited with exit code 1.

Resource usage summary:

    CPU time :                                   5.50 sec.
    Max Memory :                                 72 MB
    Average Memory :                             67.91 MB
    Total Requested Memory :                     -
    Delta Memory :                               -
    Max Swap :                                   325 MB
    Max Processes :                              4
    Max Threads :                                5
    Run time :                                   6389 sec.
    Turnaround time :                            6390 sec.

The output (if any) is above this job summary.



PS:

Read file <report_webdoc_100.err> for stderr output of this job.

