Class SNV ... done
Class substitution ... done
Class Alu_deletion ... done
Use of uninitialized value $so_acc in concatenation (.) or string at generate_classes_table.pl line 292.
Use of uninitialized value $so_acc in concatenation (.) or string at generate_classes_table.pl line 292.
Class Alu_insertion ... done
Class HERV_deletion ... done
Use of uninitialized value $so_acc in concatenation (.) or string at generate_classes_table.pl line 292.
Use of uninitialized value $so_acc in concatenation (.) or string at generate_classes_table.pl line 292.
Class HERV_insertion ... done
Use of uninitialized value $so_acc in concatenation (.) or string at generate_classes_table.pl line 292.
Use of uninitialized value $so_acc in concatenation (.) or string at generate_classes_table.pl line 292.
Class LINE1_deletion ... done
Use of uninitialized value $so_acc in concatenation (.) or string at generate_classes_table.pl line 292.
Use of uninitialized value $so_acc in concatenation (.) or string at generate_classes_table.pl line 292.
Class LINE1_insertion ... done
Use of uninitialized value $so_acc in concatenation (.) or string at generate_classes_table.pl line 292.
Use of uninitialized value $so_acc in concatenation (.) or string at generate_classes_table.pl line 292.
Class SVA_deletion ... done
Use of uninitialized value $so_acc in concatenation (.) or string at generate_classes_table.pl line 292.
Use of uninitialized value $so_acc in concatenation (.) or string at generate_classes_table.pl line 292.
Class SVA_insertion ... done
Use of uninitialized value $so_acc in concatenation (.) or string at generate_classes_table.pl line 292.
Use of uninitialized value $so_acc in concatenation (.) or string at generate_classes_table.pl line 292.
Class complex_structural_alteration ... done
Class complex_substitution ... done
Class copy_number_gain ... done
Class copy_number_loss ... done
Class copy_number_variation ... done
Class duplication ... done
Class interchromosomal_breakpoint ... done
Class interchromosomal_translocation ... done
Class intrachromosomal_breakpoint ... done
Class intrachromosomal_translocation ... done
Class inversion ... done
Class loss_of_heterozygosity ... done
Class mobile_element_deletion ... done
Class mobile_element_insertion ... done
Class novel_sequence_insertion ... done
Class short_tandem_repeat_variation ... done
Class tandem_duplication ... done
Class translocation ... done
Class deletion ... done
Class indel ... done
Class insertion ... done
Class sequence_alteration ... done
Class probe ... done
Generate the pie chart of the variation class distribution ...
DBI connect('::','ensro',...) failed: Can't connect to local MySQL server through socket '/tmp/mysql.sock' (2) at generate_population_table.pl line 562.
Connection failed at generate_population_table.pl line 562.
cat: populations_tmp.html: No such file or directory
Use of uninitialized value $chr in concatenation (.) or string at generate_variation_set_table.pl line 302.
Use of uninitialized value $var_id in substitution (s///) at generate_variation_set_table.pl line 303.
Use of uninitialized value $var_id in substitution (s///) at generate_variation_set_table.pl line 307.
Term "association" done (1/11)
Term "benign" done (2/11)
Term "drug response" done (3/11)
Term "likely benign" done (4/11)
Term "likely pathogenic" done (5/11)
Term "not provided" done (6/11)
Term "other" done (7/11)
Term "pathogenic" done (8/11)
Term "protective" done (9/11)
Term "risk factor" done (10/11)
Term "uncertain significance" done (11/11)
# Databases list:
bos_taurus_variation_100_12
capra_hircus_variation_100_1
chlorocebus_sabaeus_variation_100_1
danio_rerio_variation_100_11
equus_caballus_variation_100_3
felis_catus_variation_100_9
gallus_gallus_variation_100_6
homo_sapiens_variation_100_38
macaca_mulatta_variation_100_10
meleagris_gallopavo_variation_100_21
monodelphis_domestica_variation_100_1
mus_musculus_variation_100_38
nomascus_leucogenys_variation_100_3
ornithorhynchus_anatinus_variation_100_1
ovis_aries_variation_100_31
pan_troglodytes_variation_100_3
pongo_abelii_variation_100_1
rattus_norvegicus_variation_100_6
saccharomyces_cerevisiae_variation_100_4
salmo_salar_variation_100_2
sus_scrofa_variation_100_111
taeniopygia_guttata_variation_100_12
tetraodon_nigroviridis_variation_100_8

# Get sources for each species:
- Atlantic salmon (salmo_salar) ... done
- Cat (felis_catus) ... done
- Chicken (gallus_gallus) ... done
- Chimpanzee (pan_troglodytes) ... done
- Cow (bos_taurus) ... done
- Gibbon (nomascus_leucogenys) ... done
- Goat (capra_hircus) ... done
- Horse (equus_caballus) ... done
- Macaque (macaca_mulatta) ... done
- Mouse (mus_musculus) ... done
- Opossum (monodelphis_domestica) ... done
- Orangutan (pongo_abelii) ... done
- Pig (sus_scrofa) ... done
- Platypus (ornithorhynchus_anatinus) ... done
- Rat (rattus_norvegicus) ... done
- S. cerevisiae (saccharomyces_cerevisiae) ... done
- Sheep (ovis_aries) ... done
- Tetraodon (tetraodon_nigroviridis) ... done
- Turkey (meleagris_gallopavo) ... done
- Vervet-AGM (chlorocebus_sabaeus) ... done
- Zebra finch (taeniopygia_guttata) ... done
- Zebrafish (danio_rerio) ... done
- Human (homo_sapiens) ... done
# Databases list:
bos_taurus_variation_100_12
capra_hircus_variation_100_1
chlorocebus_sabaeus_variation_100_1
danio_rerio_variation_100_11
equus_caballus_variation_100_3
felis_catus_variation_100_9
gallus_gallus_variation_100_6
homo_sapiens_variation_100_38
macaca_mulatta_variation_100_10
meleagris_gallopavo_variation_100_21
monodelphis_domestica_variation_100_1
mus_musculus_variation_100_38
nomascus_leucogenys_variation_100_3
ornithorhynchus_anatinus_variation_100_1
ovis_aries_variation_100_31
pan_troglodytes_variation_100_3
pongo_abelii_variation_100_1
rattus_norvegicus_variation_100_6
saccharomyces_cerevisiae_variation_100_4
salmo_salar_variation_100_2
sus_scrofa_variation_100_111
taeniopygia_guttata_variation_100_12
tetraodon_nigroviridis_variation_100_8

# Get sources for each species:
- Atlantic salmon (salmo_salar) ... done
- Cat (felis_catus) ... done
- Chicken (gallus_gallus) ... done
- Chimpanzee (pan_troglodytes) ... done
- Cow (bos_taurus) ... done
- Gibbon (nomascus_leucogenys) ... done
- Goat (capra_hircus) ... done
- Horse (equus_caballus) ... done
- Macaque (macaca_mulatta) ... done
- Mouse (mus_musculus) ... done
- Opossum (monodelphis_domestica) ... done
- Orangutan (pongo_abelii) ... done
- Pig (sus_scrofa) ... done
- Platypus (ornithorhynchus_anatinus) ... done
- Rat (rattus_norvegicus) ... done
- S. cerevisiae (saccharomyces_cerevisiae) ... done
- Sheep (ovis_aries) ... done
- Tetraodon (tetraodon_nigroviridis) ... done
- Turkey (meleagris_gallopavo) ... done
- Vervet-AGM (chlorocebus_sabaeus) ... done
- Zebra finch (taeniopygia_guttata) ... done
- Zebrafish (danio_rerio) ... done
- Human (homo_sapiens) ... done
cp: cannot stat 'species_detailed_counts.html': No such file or directory
