Sat Jun 27 11:32:04 2020	# Start species list...
Sat Jun 27 11:45:47 2020		> Species list - finished
Sat Jun 27 11:45:47 2020	# Start variant classes ...
Sat Jun 27 13:33:12 2020		> Variant classes - finished
Sat Jun 27 13:33:12 2020	# Start populations ...
Sat Jun 27 13:33:14 2020		> Populations - finished
Sat Jun 27 13:33:14 2020	# Start variant sets ...
Sat Jun 27 14:41:26 2020		> Variant sets - finished
Sat Jun 27 14:41:26 2020	# Start clinical significance ...
Sat Jun 27 15:31:47 2020		> Clinical significance - finished
Sat Jun 27 15:31:47 2020	# Start phenotype ontology ...
Sat Jun 27 15:31:47 2020		> Phenotype ontology - finished
Sat Jun 27 15:31:47 2020	# Start sources list ...
Sat Jun 27 16:15:18 2020		> Sources list - finished
# Phenotype sources list ...
Sat Jun 27 16:15:29 2020		> Phenotype sources list - finished
Sat Jun 27 16:15:29 2020	# Detailed species data count ...

------------------------------------------------------------
Sender: LSF System <lsf@hx-noah-77-03>
Subject: Job 2235808: <webdoc> in cluster <EBI> Exited

Job <webdoc> was submitted from host <noah-login-01> by user <aparton> in cluster <EBI> at Sat Jun 27 11:32:02 2020
Job was executed on host(s) <hx-noah-77-03>, in queue <production-rh74>, as user <aparton> in cluster <EBI> at Sat Jun 27 11:32:04 2020
</homes/aparton> was used as the home directory.
</homes/aparton/git/ensembl-variation/scripts/misc> was used as the working directory.
Started at Sat Jun 27 11:32:04 2020
Terminated at Sat Jul  4 11:37:12 2020
Results reported at Sat Jul  4 11:37:12 2020
Cannot open your job file: /homes/aparton/.lsbatch/1593253922.2235808
TERM_RUNLIMIT: job killed after reaching LSF run time limit.
Exited with exit code 140.

Resource usage summary:

    CPU time :                                   288.28 sec.
    Max Memory :                                 74 MB
    Average Memory :                             20.72 MB
    Total Requested Memory :                     -
    Delta Memory :                               -
    Max Swap :                                   326 MB
    Max Processes :                              4
    Max Threads :                                5
    Run time :                                   605108 sec.
    Turnaround time :                            605110 sec.

The output (if any) is above this job summary.



PS:

Read file <report_webdoc_27Jun.err> for stderr output of this job.

