DBI connect('host=mysql-ens-general-prod-1;port=45259','ensro',...) failed: Can't connect to MySQL server on 'mysql-ens-general-prod-1' (111) at /homes/aparton/git/ensembl/modules/Bio/EnsEMBL/Registry.pm line 1771.

-------------------- EXCEPTION --------------------
MSG: Cannot connect to the Ensembl MySQL server at mysql-ens-general-prod-1:45259; check your settings & DBI error message: Can't connect to MySQL server on 'mysql-ens-general-prod-1' (111)
STACK Bio::EnsEMBL::Registry::load_registry_from_db /homes/aparton/git/ensembl/modules/Bio/EnsEMBL/Registry.pm:1771
STACK toplevel generate_classes_table.pl:60
Date (localtime)    = Thu Jun 18 18:14:45 2020
Ensembl API version = 101
---------------------------------------------------
cat: classes_tmp.html: No such file or directory
Can't find the anchor '<!-- Data populations - end -->' in the file at update_web_documentation.pl line 302.
Class SNV ... done
Class substitution ... done
Class Alu_deletion ... done
Use of uninitialized value $so_acc in concatenation (.) or string at generate_classes_table.pl line 292.
Use of uninitialized value $so_acc in concatenation (.) or string at generate_classes_table.pl line 292.
Class Alu_insertion ... done
Class HERV_deletion ... done
Use of uninitialized value $so_acc in concatenation (.) or string at generate_classes_table.pl line 292.
Use of uninitialized value $so_acc in concatenation (.) or string at generate_classes_table.pl line 292.
Class HERV_insertion ... done
Use of uninitialized value $so_acc in concatenation (.) or string at generate_classes_table.pl line 292.
Use of uninitialized value $so_acc in concatenation (.) or string at generate_classes_table.pl line 292.
Class LINE1_deletion ... done
Use of uninitialized value $so_acc in concatenation (.) or string at generate_classes_table.pl line 292.
Use of uninitialized value $so_acc in concatenation (.) or string at generate_classes_table.pl line 292.
Class LINE1_insertion ... done
Use of uninitialized value $so_acc in concatenation (.) or string at generate_classes_table.pl line 292.
Use of uninitialized value $so_acc in concatenation (.) or string at generate_classes_table.pl line 292.
Class SVA_deletion ... done
Use of uninitialized value $so_acc in concatenation (.) or string at generate_classes_table.pl line 292.
Use of uninitialized value $so_acc in concatenation (.) or string at generate_classes_table.pl line 292.
Class SVA_insertion ... done
Use of uninitialized value $so_acc in concatenation (.) or string at generate_classes_table.pl line 292.
Use of uninitialized value $so_acc in concatenation (.) or string at generate_classes_table.pl line 292.
Class complex_structural_alteration ... done
Class complex_substitution ... done
Class copy_number_gain ... done
Class copy_number_loss ... done
Class copy_number_variation ... done
Class duplication ... done
Class interchromosomal_breakpoint ... done
Class interchromosomal_translocation ... done
Class intrachromosomal_breakpoint ... done
Class intrachromosomal_translocation ... done
Class inversion ... done
Class loss_of_heterozygosity ... done
Class mobile_element_deletion ... done
Class mobile_element_insertion ... done
Class novel_sequence_insertion ... done
Class short_tandem_repeat_variation ... done
Class tandem_duplication ... done
Class translocation ... done
Class deletion ... done
Class indel ... done
Class insertion ... done
Class sequence_alteration ... done
Class probe ... done
Generate the pie chart of the variation class distribution ...
Can't find the anchor '<!-- Data populations - end -->' in the file at update_web_documentation.pl line 302.
